Performing C SOURCE FILE Test CMAKE_HAVE_LIBC_PTHREAD failed with the following output:
Change Dir: /home/cyber/Documents/OpenGL_TPs/opengl_tps/GLImac-Template/build/CMakeFiles/CMakeTmp

Run Build Command(s):/usr/bin/gmake cmTC_2d9d9/fast && /usr/bin/gmake  -f CMakeFiles/cmTC_2d9d9.dir/build.make CMakeFiles/cmTC_2d9d9.dir/build
gmake[1] : on entre dans le répertoire « /home/cyber/Documents/OpenGL_TPs/opengl_tps/GLImac-Template/build/CMakeFiles/CMakeTmp »
Building C object CMakeFiles/cmTC_2d9d9.dir/src.c.o
/usr/bin/cc   -DCMAKE_HAVE_LIBC_PTHREAD -o CMakeFiles/cmTC_2d9d9.dir/src.c.o -c /home/cyber/Documents/OpenGL_TPs/opengl_tps/GLImac-Template/build/CMakeFiles/CMakeTmp/src.c
Linking C executable cmTC_2d9d9
/usr/bin/cmake -E cmake_link_script CMakeFiles/cmTC_2d9d9.dir/link.txt --verbose=1
/usr/bin/cc  -DCMAKE_HAVE_LIBC_PTHREAD -rdynamic CMakeFiles/cmTC_2d9d9.dir/src.c.o -o cmTC_2d9d9 
/usr/bin/ld : CMakeFiles/cmTC_2d9d9.dir/src.c.o : dans la fonction « main » :
src.c:(.text+0x2f) : référence indéfinie vers « pthread_create »
/usr/bin/ld : src.c:(.text+0x3b) : référence indéfinie vers « pthread_detach »
/usr/bin/ld : src.c:(.text+0x47) : référence indéfinie vers « pthread_cancel »
/usr/bin/ld : src.c:(.text+0x58) : référence indéfinie vers « pthread_join »
collect2: error: ld returned 1 exit status
gmake[1]: *** [CMakeFiles/cmTC_2d9d9.dir/build.make:106 : cmTC_2d9d9] Erreur 1
gmake[1] : on quitte le répertoire « /home/cyber/Documents/OpenGL_TPs/opengl_tps/GLImac-Template/build/CMakeFiles/CMakeTmp »
gmake: *** [Makefile:140 : cmTC_2d9d9/fast] Erreur 2


Source file was:
#include <pthread.h>

void* test_func(void* data)
{
  return data;
}

int main(void)
{
  pthread_t thread;
  pthread_create(&thread, NULL, test_func, NULL);
  pthread_detach(thread);
  pthread_cancel(thread);
  pthread_join(thread, NULL);
  pthread_atfork(NULL, NULL, NULL);
  pthread_exit(NULL);

  return 0;
}

Determining if the function pthread_create exists in the pthreads failed with the following output:
Change Dir: /home/cyber/Documents/OpenGL_TPs/opengl_tps/GLImac-Template/build/CMakeFiles/CMakeTmp

Run Build Command(s):/usr/bin/gmake cmTC_06148/fast && /usr/bin/gmake  -f CMakeFiles/cmTC_06148.dir/build.make CMakeFiles/cmTC_06148.dir/build
gmake[1] : on entre dans le répertoire « /home/cyber/Documents/OpenGL_TPs/opengl_tps/GLImac-Template/build/CMakeFiles/CMakeTmp »
Building C object CMakeFiles/cmTC_06148.dir/CheckFunctionExists.c.o
/usr/bin/cc   -DCHECK_FUNCTION_EXISTS=pthread_create -o CMakeFiles/cmTC_06148.dir/CheckFunctionExists.c.o -c /usr/share/cmake-3.18/Modules/CheckFunctionExists.c
Linking C executable cmTC_06148
/usr/bin/cmake -E cmake_link_script CMakeFiles/cmTC_06148.dir/link.txt --verbose=1
/usr/bin/cc  -DCHECK_FUNCTION_EXISTS=pthread_create -rdynamic CMakeFiles/cmTC_06148.dir/CheckFunctionExists.c.o -o cmTC_06148  -lpthreads 
/usr/bin/ld : ne peut trouver -lpthreads
collect2: error: ld returned 1 exit status
gmake[1]: *** [CMakeFiles/cmTC_06148.dir/build.make:106 : cmTC_06148] Erreur 1
gmake[1] : on quitte le répertoire « /home/cyber/Documents/OpenGL_TPs/opengl_tps/GLImac-Template/build/CMakeFiles/CMakeTmp »
gmake: *** [Makefile:140 : cmTC_06148/fast] Erreur 2



Compiling the CXX compiler identification source file "CMakeCXXCompilerId.cpp" failed.
Compiler: CMAKE_CXX_COMPILER-NOTFOUND 
Build flags: 
Id flags:  

The output was:
No such file or directory


Compiling the CXX compiler identification source file "CMakeCXXCompilerId.cpp" failed.
Compiler: CMAKE_CXX_COMPILER-NOTFOUND 
Build flags: 
Id flags: -c 

The output was:
No such file or directory


Compiling the CXX compiler identification source file "CMakeCXXCompilerId.cpp" failed.
Compiler: CMAKE_CXX_COMPILER-NOTFOUND 
Build flags: 
Id flags: --c++ 

The output was:
No such file or directory


Compiling the CXX compiler identification source file "CMakeCXXCompilerId.cpp" failed.
Compiler: CMAKE_CXX_COMPILER-NOTFOUND 
Build flags: 
Id flags: --ec++ 

The output was:
No such file or directory


Compiling the CXX compiler identification source file "CMakeCXXCompilerId.cpp" failed.
Compiler: CMAKE_CXX_COMPILER-NOTFOUND 
Build flags: 
Id flags: --target=arm-arm-none-eabi;-mcpu=cortex-m3 

The output was:
No such file or directory


Compiling the CXX compiler identification source file "CMakeCXXCompilerId.cpp" failed.
Compiler: CMAKE_CXX_COMPILER-NOTFOUND 
Build flags: 
Id flags:  

The output was:
No such file or directory


Compiling the CXX compiler identification source file "CMakeCXXCompilerId.cpp" failed.
Compiler: CMAKE_CXX_COMPILER-NOTFOUND 
Build flags: 
Id flags: -c 

The output was:
No such file or directory


Compiling the CXX compiler identification source file "CMakeCXXCompilerId.cpp" failed.
Compiler: CMAKE_CXX_COMPILER-NOTFOUND 
Build flags: 
Id flags: --c++ 

The output was:
No such file or directory


Compiling the CXX compiler identification source file "CMakeCXXCompilerId.cpp" failed.
Compiler: CMAKE_CXX_COMPILER-NOTFOUND 
Build flags: 
Id flags: --ec++ 

The output was:
No such file or directory


Compiling the CXX compiler identification source file "CMakeCXXCompilerId.cpp" failed.
Compiler: CMAKE_CXX_COMPILER-NOTFOUND 
Build flags: 
Id flags: --target=arm-arm-none-eabi;-mcpu=cortex-m3 

The output was:
No such file or directory


Compiling the CXX compiler identification source file "CMakeCXXCompilerId.cpp" failed.
Compiler: /usr/bin/c++ 
Build flags: 
Id flags:  

The output was:
No such file or directory


Compiling the CXX compiler identification source file "CMakeCXXCompilerId.cpp" failed.
Compiler: /usr/bin/c++ 
Build flags: 
Id flags: -c 

The output was:
No such file or directory


Compiling the CXX compiler identification source file "CMakeCXXCompilerId.cpp" failed.
Compiler: /usr/bin/c++ 
Build flags: 
Id flags: --c++ 

The output was:
No such file or directory


Compiling the CXX compiler identification source file "CMakeCXXCompilerId.cpp" failed.
Compiler: /usr/bin/c++ 
Build flags: 
Id flags: --ec++ 

The output was:
No such file or directory


Compiling the CXX compiler identification source file "CMakeCXXCompilerId.cpp" failed.
Compiler: /usr/bin/c++ 
Build flags: 
Id flags: --target=arm-arm-none-eabi;-mcpu=cortex-m3 

The output was:
No such file or directory


Compiling the CXX compiler identification source file "CMakeCXXCompilerId.cpp" failed.
Compiler: /usr/bin/c++ 
Build flags: 
Id flags:  

The output was:
No such file or directory


Compiling the CXX compiler identification source file "CMakeCXXCompilerId.cpp" failed.
Compiler: /usr/bin/c++ 
Build flags: 
Id flags: -c 

The output was:
No such file or directory


Compiling the CXX compiler identification source file "CMakeCXXCompilerId.cpp" failed.
Compiler: /usr/bin/c++ 
Build flags: 
Id flags: --c++ 

The output was:
No such file or directory


Compiling the CXX compiler identification source file "CMakeCXXCompilerId.cpp" failed.
Compiler: /usr/bin/c++ 
Build flags: 
Id flags: --ec++ 

The output was:
No such file or directory


Compiling the CXX compiler identification source file "CMakeCXXCompilerId.cpp" failed.
Compiler: /usr/bin/c++ 
Build flags: 
Id flags: --target=arm-arm-none-eabi;-mcpu=cortex-m3 

The output was:
No such file or directory


Checking whether the CXX compiler is IAR using "" did not match "IAR .+ Compiler":
Checking whether the CXX compiler is IAR using "" did not match "IAR .+ Compiler":
Compiling the CXX compiler identification source file "CMakeCXXCompilerId.cpp" failed.
Compiler: /usr/bin/c++ 
Build flags: 
Id flags:  

The output was:
No such file or directory


Compiling the CXX compiler identification source file "CMakeCXXCompilerId.cpp" failed.
Compiler: /usr/bin/c++ 
Build flags: 
Id flags: -c 

The output was:
No such file or directory


Compiling the CXX compiler identification source file "CMakeCXXCompilerId.cpp" failed.
Compiler: /usr/bin/c++ 
Build flags: 
Id flags: --c++ 

The output was:
No such file or directory


Compiling the CXX compiler identification source file "CMakeCXXCompilerId.cpp" failed.
Compiler: /usr/bin/c++ 
Build flags: 
Id flags: --ec++ 

The output was:
No such file or directory


Compiling the CXX compiler identification source file "CMakeCXXCompilerId.cpp" failed.
Compiler: /usr/bin/c++ 
Build flags: 
Id flags: --target=arm-arm-none-eabi;-mcpu=cortex-m3 

The output was:
No such file or directory


Compiling the CXX compiler identification source file "CMakeCXXCompilerId.cpp" failed.
Compiler: /usr/bin/c++ 
Build flags: 
Id flags:  

The output was:
No such file or directory


Compiling the CXX compiler identification source file "CMakeCXXCompilerId.cpp" failed.
Compiler: /usr/bin/c++ 
Build flags: 
Id flags: -c 

The output was:
No such file or directory


Compiling the CXX compiler identification source file "CMakeCXXCompilerId.cpp" failed.
Compiler: /usr/bin/c++ 
Build flags: 
Id flags: --c++ 

The output was:
No such file or directory


Compiling the CXX compiler identification source file "CMakeCXXCompilerId.cpp" failed.
Compiler: /usr/bin/c++ 
Build flags: 
Id flags: --ec++ 

The output was:
No such file or directory


Compiling the CXX compiler identification source file "CMakeCXXCompilerId.cpp" failed.
Compiler: /usr/bin/c++ 
Build flags: 
Id flags: --target=arm-arm-none-eabi;-mcpu=cortex-m3 

The output was:
No such file or directory


Checking whether the CXX compiler is IAR using "" did not match "IAR .+ Compiler":
Checking whether the CXX compiler is IAR using "" did not match "IAR .+ Compiler":
Compiling the CXX compiler identification source file "CMakeCXXCompilerId.cpp" failed.
Compiler: /usr/bin/c++ 
Build flags: 
Id flags:  

The output was:
No such file or directory


Compiling the CXX compiler identification source file "CMakeCXXCompilerId.cpp" failed.
Compiler: /usr/bin/c++ 
Build flags: 
Id flags: -c 

The output was:
No such file or directory


Compiling the CXX compiler identification source file "CMakeCXXCompilerId.cpp" failed.
Compiler: /usr/bin/c++ 
Build flags: 
Id flags: --c++ 

The output was:
No such file or directory


Compiling the CXX compiler identification source file "CMakeCXXCompilerId.cpp" failed.
Compiler: /usr/bin/c++ 
Build flags: 
Id flags: --ec++ 

The output was:
No such file or directory


Compiling the CXX compiler identification source file "CMakeCXXCompilerId.cpp" failed.
Compiler: /usr/bin/c++ 
Build flags: 
Id flags: --target=arm-arm-none-eabi;-mcpu=cortex-m3 

The output was:
No such file or directory


Compiling the CXX compiler identification source file "CMakeCXXCompilerId.cpp" failed.
Compiler: /usr/bin/c++ 
Build flags: 
Id flags:  

The output was:
No such file or directory


Compiling the CXX compiler identification source file "CMakeCXXCompilerId.cpp" failed.
Compiler: /usr/bin/c++ 
Build flags: 
Id flags: -c 

The output was:
No such file or directory


Compiling the CXX compiler identification source file "CMakeCXXCompilerId.cpp" failed.
Compiler: /usr/bin/c++ 
Build flags: 
Id flags: --c++ 

The output was:
No such file or directory


Compiling the CXX compiler identification source file "CMakeCXXCompilerId.cpp" failed.
Compiler: /usr/bin/c++ 
Build flags: 
Id flags: --ec++ 

The output was:
No such file or directory


Compiling the CXX compiler identification source file "CMakeCXXCompilerId.cpp" failed.
Compiler: /usr/bin/c++ 
Build flags: 
Id flags: --target=arm-arm-none-eabi;-mcpu=cortex-m3 

The output was:
No such file or directory


Checking whether the CXX compiler is IAR using "" did not match "IAR .+ Compiler":
Checking whether the CXX compiler is IAR using "" did not match "IAR .+ Compiler":
Compiling the CXX compiler identification source file "CMakeCXXCompilerId.cpp" failed.
Compiler: /usr/bin/c++ 
Build flags: 
Id flags:  

The output was:
No such file or directory


Compiling the CXX compiler identification source file "CMakeCXXCompilerId.cpp" failed.
Compiler: /usr/bin/c++ 
Build flags: 
Id flags: -c 

The output was:
No such file or directory


Compiling the CXX compiler identification source file "CMakeCXXCompilerId.cpp" failed.
Compiler: /usr/bin/c++ 
Build flags: 
Id flags: --c++ 

The output was:
No such file or directory


Compiling the CXX compiler identification source file "CMakeCXXCompilerId.cpp" failed.
Compiler: /usr/bin/c++ 
Build flags: 
Id flags: --ec++ 

The output was:
No such file or directory


Compiling the CXX compiler identification source file "CMakeCXXCompilerId.cpp" failed.
Compiler: /usr/bin/c++ 
Build flags: 
Id flags: --target=arm-arm-none-eabi;-mcpu=cortex-m3 

The output was:
No such file or directory


Compiling the CXX compiler identification source file "CMakeCXXCompilerId.cpp" failed.
Compiler: /usr/bin/c++ 
Build flags: 
Id flags:  

The output was:
No such file or directory


Compiling the CXX compiler identification source file "CMakeCXXCompilerId.cpp" failed.
Compiler: /usr/bin/c++ 
Build flags: 
Id flags: -c 

The output was:
No such file or directory


Compiling the CXX compiler identification source file "CMakeCXXCompilerId.cpp" failed.
Compiler: /usr/bin/c++ 
Build flags: 
Id flags: --c++ 

The output was:
No such file or directory


Compiling the CXX compiler identification source file "CMakeCXXCompilerId.cpp" failed.
Compiler: /usr/bin/c++ 
Build flags: 
Id flags: --ec++ 

The output was:
No such file or directory


Compiling the CXX compiler identification source file "CMakeCXXCompilerId.cpp" failed.
Compiler: /usr/bin/c++ 
Build flags: 
Id flags: --target=arm-arm-none-eabi;-mcpu=cortex-m3 

The output was:
No such file or directory


Checking whether the CXX compiler is IAR using "" did not match "IAR .+ Compiler":
Checking whether the CXX compiler is IAR using "" did not match "IAR .+ Compiler":
Compiling the CXX compiler identification source file "CMakeCXXCompilerId.cpp" failed.
Compiler: ../usr/bin/c++ 
Build flags: 
Id flags:  

The output was:
No such file or directory


Compiling the CXX compiler identification source file "CMakeCXXCompilerId.cpp" failed.
Compiler: ../usr/bin/c++ 
Build flags: 
Id flags: -c 

The output was:
No such file or directory


Compiling the CXX compiler identification source file "CMakeCXXCompilerId.cpp" failed.
Compiler: ../usr/bin/c++ 
Build flags: 
Id flags: --c++ 

The output was:
No such file or directory


Compiling the CXX compiler identification source file "CMakeCXXCompilerId.cpp" failed.
Compiler: ../usr/bin/c++ 
Build flags: 
Id flags: --ec++ 

The output was:
No such file or directory


Compiling the CXX compiler identification source file "CMakeCXXCompilerId.cpp" failed.
Compiler: ../usr/bin/c++ 
Build flags: 
Id flags: --target=arm-arm-none-eabi;-mcpu=cortex-m3 

The output was:
No such file or directory


Compiling the CXX compiler identification source file "CMakeCXXCompilerId.cpp" failed.
Compiler: ../usr/bin/c++ 
Build flags: 
Id flags:  

The output was:
No such file or directory


Compiling the CXX compiler identification source file "CMakeCXXCompilerId.cpp" failed.
Compiler: ../usr/bin/c++ 
Build flags: 
Id flags: -c 

The output was:
No such file or directory


Compiling the CXX compiler identification source file "CMakeCXXCompilerId.cpp" failed.
Compiler: ../usr/bin/c++ 
Build flags: 
Id flags: --c++ 

The output was:
No such file or directory


Compiling the CXX compiler identification source file "CMakeCXXCompilerId.cpp" failed.
Compiler: ../usr/bin/c++ 
Build flags: 
Id flags: --ec++ 

The output was:
No such file or directory


Compiling the CXX compiler identification source file "CMakeCXXCompilerId.cpp" failed.
Compiler: ../usr/bin/c++ 
Build flags: 
Id flags: --target=arm-arm-none-eabi;-mcpu=cortex-m3 

The output was:
No such file or directory


Checking whether the CXX compiler is IAR using "" did not match "IAR .+ Compiler":
Checking whether the CXX compiler is IAR using "" did not match "IAR .+ Compiler":
Compiling the CXX compiler identification source file "CMakeCXXCompilerId.cpp" failed.
Compiler: /usr/bin/cpp 
Build flags: 
Id flags:  

The output was:
1
cpp: fatal error: cannot execute ‘cc1plus’: execvp: No such file or directory
compilation terminated.


Compiling the CXX compiler identification source file "CMakeCXXCompilerId.cpp" failed.
Compiler: /usr/bin/cpp 
Build flags: 
Id flags: -c 

The output was:
1
cpp: fatal error: ‘-c’ is not a valid option to the preprocessor
compilation terminated.


Compiling the CXX compiler identification source file "CMakeCXXCompilerId.cpp" failed.
Compiler: /usr/bin/cpp 
Build flags: 
Id flags: --c++ 

The output was:
1
cpp: error: unrecognized command line option ‘--c++’


Compiling the CXX compiler identification source file "CMakeCXXCompilerId.cpp" failed.
Compiler: /usr/bin/cpp 
Build flags: 
Id flags: --ec++ 

The output was:
1
cpp: error: unrecognized command line option ‘--ec++’; did you mean ‘-Weffc++’?


Compiling the CXX compiler identification source file "CMakeCXXCompilerId.cpp" failed.
Compiler: /usr/bin/cpp 
Build flags: 
Id flags: --target=arm-arm-none-eabi;-mcpu=cortex-m3 

The output was:
1
cpp: warning: ‘-mcpu=’ is deprecated; use ‘-mtune=’ or ‘-march=’ instead
cpp: error: unrecognized command line option ‘--target=arm-arm-none-eabi’


Compiling the CXX compiler identification source file "CMakeCXXCompilerId.cpp" failed.
Compiler: /usr/bin/cpp 
Build flags: 
Id flags:  

The output was:
1
cpp: fatal error: cannot execute ‘cc1plus’: execvp: No such file or directory
compilation terminated.


Compiling the CXX compiler identification source file "CMakeCXXCompilerId.cpp" failed.
Compiler: /usr/bin/cpp 
Build flags: 
Id flags: -c 

The output was:
1
cpp: fatal error: ‘-c’ is not a valid option to the preprocessor
compilation terminated.


Compiling the CXX compiler identification source file "CMakeCXXCompilerId.cpp" failed.
Compiler: /usr/bin/cpp 
Build flags: 
Id flags: --c++ 

The output was:
1
cpp: error: unrecognized command line option ‘--c++’


Compiling the CXX compiler identification source file "CMakeCXXCompilerId.cpp" failed.
Compiler: /usr/bin/cpp 
Build flags: 
Id flags: --ec++ 

The output was:
1
cpp: error: unrecognized command line option ‘--ec++’; did you mean ‘-Weffc++’?


Compiling the CXX compiler identification source file "CMakeCXXCompilerId.cpp" failed.
Compiler: /usr/bin/cpp 
Build flags: 
Id flags: --target=arm-arm-none-eabi;-mcpu=cortex-m3 

The output was:
1
cpp: warning: ‘-mcpu=’ is deprecated; use ‘-mtune=’ or ‘-march=’ instead
cpp: error: unrecognized command line option ‘--target=arm-arm-none-eabi’


Checking whether the CXX compiler is IAR using "" terminated after 10 s due to timeout.Checking whether the CXX compiler is IAR using "" terminated after 10 s due to timeout.Determining if the CXX compiler works failed with the following output:
Change Dir: /mnt/c/Users/huiyi/OneDrive/Documents/E5/OpenGL/opengl_tps/GLImac-Template/build/CMakeFiles/CMakeTmp

Run Build Command(s):/usr/bin/gmake cmTC_dcee6/fast && No such file or directory
Generator: execution of make failed. Make command was: /usr/bin/gmake cmTC_dcee6/fast && 


Compiling the CXX compiler identification source file "CMakeCXXCompilerId.cpp" failed.
Compiler: /usr/bin/cpp 
Build flags: 
Id flags:  

The output was:
1
cpp: fatal error: cannot execute ‘cc1plus’: execvp: No such file or directory
compilation terminated.


Compiling the CXX compiler identification source file "CMakeCXXCompilerId.cpp" failed.
Compiler: /usr/bin/cpp 
Build flags: 
Id flags: -c 

The output was:
1
cpp: fatal error: ‘-c’ is not a valid option to the preprocessor
compilation terminated.


Compiling the CXX compiler identification source file "CMakeCXXCompilerId.cpp" failed.
Compiler: /usr/bin/cpp 
Build flags: 
Id flags: --c++ 

The output was:
1
cpp: error: unrecognized command line option ‘--c++’


Compiling the CXX compiler identification source file "CMakeCXXCompilerId.cpp" failed.
Compiler: /usr/bin/cpp 
Build flags: 
Id flags: --ec++ 

The output was:
1
cpp: error: unrecognized command line option ‘--ec++’; did you mean ‘-Weffc++’?


Compiling the CXX compiler identification source file "CMakeCXXCompilerId.cpp" failed.
Compiler: /usr/bin/cpp 
Build flags: 
Id flags: --target=arm-arm-none-eabi;-mcpu=cortex-m3 

The output was:
1
cpp: warning: ‘-mcpu=’ is deprecated; use ‘-mtune=’ or ‘-march=’ instead
cpp: error: unrecognized command line option ‘--target=arm-arm-none-eabi’


Compiling the CXX compiler identification source file "CMakeCXXCompilerId.cpp" failed.
Compiler: /usr/bin/cpp 
Build flags: 
Id flags:  

The output was:
1
cpp: fatal error: cannot execute ‘cc1plus’: execvp: No such file or directory
compilation terminated.


Compiling the CXX compiler identification source file "CMakeCXXCompilerId.cpp" failed.
Compiler: /usr/bin/cpp 
Build flags: 
Id flags: -c 

The output was:
1
cpp: fatal error: ‘-c’ is not a valid option to the preprocessor
compilation terminated.


Compiling the CXX compiler identification source file "CMakeCXXCompilerId.cpp" failed.
Compiler: /usr/bin/cpp 
Build flags: 
Id flags: --c++ 

The output was:
1
cpp: error: unrecognized command line option ‘--c++’


Compiling the CXX compiler identification source file "CMakeCXXCompilerId.cpp" failed.
Compiler: /usr/bin/cpp 
Build flags: 
Id flags: --ec++ 

The output was:
1
cpp: error: unrecognized command line option ‘--ec++’; did you mean ‘-Weffc++’?


Compiling the CXX compiler identification source file "CMakeCXXCompilerId.cpp" failed.
Compiler: /usr/bin/cpp 
Build flags: 
Id flags: --target=arm-arm-none-eabi;-mcpu=cortex-m3 

The output was:
1
cpp: warning: ‘-mcpu=’ is deprecated; use ‘-mtune=’ or ‘-march=’ instead
cpp: error: unrecognized command line option ‘--target=arm-arm-none-eabi’


Checking whether the CXX compiler is IAR using "" terminated after 10 s due to timeout.Checking whether the CXX compiler is IAR using "" terminated after 10 s due to timeout.Determining if the CXX compiler works failed with the following output:
Change Dir: /mnt/c/Users/huiyi/OneDrive/Documents/E5/OpenGL/opengl_tps/GLImac-Template/build/CMakeFiles/CMakeTmp

Run Build Command(s):/usr/bin/make cmTC_59ebd/fast && /usr/bin/make -f CMakeFiles/cmTC_59ebd.dir/build.make CMakeFiles/cmTC_59ebd.dir/build
make[1]: Entering directory '/mnt/c/Users/huiyi/OneDrive/Documents/E5/OpenGL/opengl_tps/GLImac-Template/build/CMakeFiles/CMakeTmp'
Building CXX object CMakeFiles/cmTC_59ebd.dir/testCXXCompiler.cxx.o
/usr/bin/cpp     -o CMakeFiles/cmTC_59ebd.dir/testCXXCompiler.cxx.o -c /mnt/c/Users/huiyi/OneDrive/Documents/E5/OpenGL/opengl_tps/GLImac-Template/build/CMakeFiles/CMakeTmp/testCXXCompiler.cxx
cpp: fatal error: ‘-c’ is not a valid option to the preprocessor
compilation terminated.
make[1]: *** [CMakeFiles/cmTC_59ebd.dir/build.make:66: CMakeFiles/cmTC_59ebd.dir/testCXXCompiler.cxx.o] Error 1
make[1]: Leaving directory '/mnt/c/Users/huiyi/OneDrive/Documents/E5/OpenGL/opengl_tps/GLImac-Template/build/CMakeFiles/CMakeTmp'
make: *** [Makefile:121: cmTC_59ebd/fast] Error 2



Compiling the CXX compiler identification source file "CMakeCXXCompilerId.cpp" failed.
Compiler: /usr/bin/cpp 
Build flags: 
Id flags:  

The output was:
1
cpp: fatal error: cannot execute ‘cc1plus’: execvp: No such file or directory
compilation terminated.


Compiling the CXX compiler identification source file "CMakeCXXCompilerId.cpp" failed.
Compiler: /usr/bin/cpp 
Build flags: 
Id flags: -c 

The output was:
1
cpp: fatal error: ‘-c’ is not a valid option to the preprocessor
compilation terminated.


Compiling the CXX compiler identification source file "CMakeCXXCompilerId.cpp" failed.
Compiler: /usr/bin/cpp 
Build flags: 
Id flags: --c++ 

The output was:
1
cpp: error: unrecognized command line option ‘--c++’


Compiling the CXX compiler identification source file "CMakeCXXCompilerId.cpp" failed.
Compiler: /usr/bin/cpp 
Build flags: 
Id flags: --ec++ 

The output was:
1
cpp: error: unrecognized command line option ‘--ec++’; did you mean ‘-Weffc++’?


Compiling the CXX compiler identification source file "CMakeCXXCompilerId.cpp" failed.
Compiler: /usr/bin/cpp 
Build flags: 
Id flags: --target=arm-arm-none-eabi;-mcpu=cortex-m3 

The output was:
1
cpp: warning: ‘-mcpu=’ is deprecated; use ‘-mtune=’ or ‘-march=’ instead
cpp: error: unrecognized command line option ‘--target=arm-arm-none-eabi’


Compiling the CXX compiler identification source file "CMakeCXXCompilerId.cpp" failed.
Compiler: /usr/bin/cpp 
Build flags: 
Id flags:  

The output was:
1
cpp: fatal error: cannot execute ‘cc1plus’: execvp: No such file or directory
compilation terminated.


Compiling the CXX compiler identification source file "CMakeCXXCompilerId.cpp" failed.
Compiler: /usr/bin/cpp 
Build flags: 
Id flags: -c 

The output was:
1
cpp: fatal error: ‘-c’ is not a valid option to the preprocessor
compilation terminated.


Compiling the CXX compiler identification source file "CMakeCXXCompilerId.cpp" failed.
Compiler: /usr/bin/cpp 
Build flags: 
Id flags: --c++ 

The output was:
1
cpp: error: unrecognized command line option ‘--c++’


Compiling the CXX compiler identification source file "CMakeCXXCompilerId.cpp" failed.
Compiler: /usr/bin/cpp 
Build flags: 
Id flags: --ec++ 

The output was:
1
cpp: error: unrecognized command line option ‘--ec++’; did you mean ‘-Weffc++’?


Compiling the CXX compiler identification source file "CMakeCXXCompilerId.cpp" failed.
Compiler: /usr/bin/cpp 
Build flags: 
Id flags: --target=arm-arm-none-eabi;-mcpu=cortex-m3 

The output was:
1
cpp: warning: ‘-mcpu=’ is deprecated; use ‘-mtune=’ or ‘-march=’ instead
cpp: error: unrecognized command line option ‘--target=arm-arm-none-eabi’


Checking whether the CXX compiler is IAR using "" terminated after 10 s due to timeout.Checking whether the CXX compiler is IAR using "" terminated after 10 s due to timeout.Determining if the CXX compiler works failed with the following output:
Change Dir: /mnt/c/Users/huiyi/OneDrive/Documents/E5/OpenGL/opengl_tps/GLImac-Template/build/CMakeFiles/CMakeTmp

Run Build Command(s):/usr/bin/make cmTC_d6731/fast && /usr/bin/make -f CMakeFiles/cmTC_d6731.dir/build.make CMakeFiles/cmTC_d6731.dir/build
make[1]: Entering directory '/mnt/c/Users/huiyi/OneDrive/Documents/E5/OpenGL/opengl_tps/GLImac-Template/build/CMakeFiles/CMakeTmp'
Building CXX object CMakeFiles/cmTC_d6731.dir/testCXXCompiler.cxx.o
/usr/bin/cpp     -o CMakeFiles/cmTC_d6731.dir/testCXXCompiler.cxx.o -c /mnt/c/Users/huiyi/OneDrive/Documents/E5/OpenGL/opengl_tps/GLImac-Template/build/CMakeFiles/CMakeTmp/testCXXCompiler.cxx
cpp: fatal error: ‘-c’ is not a valid option to the preprocessor
compilation terminated.
make[1]: *** [CMakeFiles/cmTC_d6731.dir/build.make:66: CMakeFiles/cmTC_d6731.dir/testCXXCompiler.cxx.o] Error 1
make[1]: Leaving directory '/mnt/c/Users/huiyi/OneDrive/Documents/E5/OpenGL/opengl_tps/GLImac-Template/build/CMakeFiles/CMakeTmp'
make: *** [Makefile:121: cmTC_d6731/fast] Error 2



Compiling the CXX compiler identification source file "CMakeCXXCompilerId.cpp" failed.
Compiler: /usr/bin/c++ 
Build flags: 
Id flags:  

The output was:
No such file or directory


Compiling the CXX compiler identification source file "CMakeCXXCompilerId.cpp" failed.
Compiler: /usr/bin/c++ 
Build flags: 
Id flags: -c 

The output was:
No such file or directory


Compiling the CXX compiler identification source file "CMakeCXXCompilerId.cpp" failed.
Compiler: /usr/bin/c++ 
Build flags: 
Id flags: --c++ 

The output was:
No such file or directory


Compiling the CXX compiler identification source file "CMakeCXXCompilerId.cpp" failed.
Compiler: /usr/bin/c++ 
Build flags: 
Id flags: --ec++ 

The output was:
No such file or directory


Compiling the CXX compiler identification source file "CMakeCXXCompilerId.cpp" failed.
Compiler: /usr/bin/c++ 
Build flags: 
Id flags: --target=arm-arm-none-eabi;-mcpu=cortex-m3 

The output was:
No such file or directory


Compiling the CXX compiler identification source file "CMakeCXXCompilerId.cpp" failed.
Compiler: /usr/bin/c++ 
Build flags: 
Id flags:  

The output was:
No such file or directory


Compiling the CXX compiler identification source file "CMakeCXXCompilerId.cpp" failed.
Compiler: /usr/bin/c++ 
Build flags: 
Id flags: -c 

The output was:
No such file or directory


Compiling the CXX compiler identification source file "CMakeCXXCompilerId.cpp" failed.
Compiler: /usr/bin/c++ 
Build flags: 
Id flags: --c++ 

The output was:
No such file or directory


Compiling the CXX compiler identification source file "CMakeCXXCompilerId.cpp" failed.
Compiler: /usr/bin/c++ 
Build flags: 
Id flags: --ec++ 

The output was:
No such file or directory


Compiling the CXX compiler identification source file "CMakeCXXCompilerId.cpp" failed.
Compiler: /usr/bin/c++ 
Build flags: 
Id flags: --target=arm-arm-none-eabi;-mcpu=cortex-m3 

The output was:
No such file or directory


Checking whether the CXX compiler is IAR using "" did not match "IAR .+ Compiler":
Checking whether the CXX compiler is IAR using "" did not match "IAR .+ Compiler":
Compiling the CXX compiler identification source file "CMakeCXXCompilerId.cpp" failed.
Compiler: /usr/bin/cc 
Build flags: 
Id flags:  

The output was:
1
cc: fatal error: cannot execute ‘cc1plus’: execvp: No such file or directory
compilation terminated.


Compiling the CXX compiler identification source file "CMakeCXXCompilerId.cpp" failed.
Compiler: /usr/bin/cc 
Build flags: 
Id flags: -c 

The output was:
1
cc: fatal error: cannot execute ‘cc1plus’: execvp: No such file or directory
compilation terminated.


Compiling the CXX compiler identification source file "CMakeCXXCompilerId.cpp" failed.
Compiler: /usr/bin/cc 
Build flags: 
Id flags: --c++ 

The output was:
1
cc: error: unrecognized command line option ‘--c++’


Compiling the CXX compiler identification source file "CMakeCXXCompilerId.cpp" failed.
Compiler: /usr/bin/cc 
Build flags: 
Id flags: --ec++ 

The output was:
1
cc: error: unrecognized command line option ‘--ec++’; did you mean ‘-Weffc++’?


Compiling the CXX compiler identification source file "CMakeCXXCompilerId.cpp" failed.
Compiler: /usr/bin/cc 
Build flags: 
Id flags: --target=arm-arm-none-eabi;-mcpu=cortex-m3 

The output was:
1
cc: warning: ‘-mcpu=’ is deprecated; use ‘-mtune=’ or ‘-march=’ instead
cc: error: unrecognized command line option ‘--target=arm-arm-none-eabi’


Compiling the CXX compiler identification source file "CMakeCXXCompilerId.cpp" failed.
Compiler: /usr/bin/cc 
Build flags: 
Id flags:  

The output was:
1
cc: fatal error: cannot execute ‘cc1plus’: execvp: No such file or directory
compilation terminated.


Compiling the CXX compiler identification source file "CMakeCXXCompilerId.cpp" failed.
Compiler: /usr/bin/cc 
Build flags: 
Id flags: -c 

The output was:
1
cc: fatal error: cannot execute ‘cc1plus’: execvp: No such file or directory
compilation terminated.


Compiling the CXX compiler identification source file "CMakeCXXCompilerId.cpp" failed.
Compiler: /usr/bin/cc 
Build flags: 
Id flags: --c++ 

The output was:
1
cc: error: unrecognized command line option ‘--c++’


Compiling the CXX compiler identification source file "CMakeCXXCompilerId.cpp" failed.
Compiler: /usr/bin/cc 
Build flags: 
Id flags: --ec++ 

The output was:
1
cc: error: unrecognized command line option ‘--ec++’; did you mean ‘-Weffc++’?


Compiling the CXX compiler identification source file "CMakeCXXCompilerId.cpp" failed.
Compiler: /usr/bin/cc 
Build flags: 
Id flags: --target=arm-arm-none-eabi;-mcpu=cortex-m3 

The output was:
1
cc: warning: ‘-mcpu=’ is deprecated; use ‘-mtune=’ or ‘-march=’ instead
cc: error: unrecognized command line option ‘--target=arm-arm-none-eabi’


Checking whether the CXX compiler is IAR using "" did not match "IAR .+ Compiler":
cc: fatal error: no input files
compilation terminated.
Checking whether the CXX compiler is IAR using "" did not match "IAR .+ Compiler":
cc: fatal error: no input files
compilation terminated.
Determining if the CXX compiler works failed with the following output:
Change Dir: /mnt/c/Users/huiyi/OneDrive/Documents/E5/OpenGL/opengl_tps/GLImac-Template/build/CMakeFiles/CMakeTmp

Run Build Command(s):/usr/bin/make cmTC_f8be0/fast && /usr/bin/make -f CMakeFiles/cmTC_f8be0.dir/build.make CMakeFiles/cmTC_f8be0.dir/build
make[1]: Entering directory '/mnt/c/Users/huiyi/OneDrive/Documents/E5/OpenGL/opengl_tps/GLImac-Template/build/CMakeFiles/CMakeTmp'
Building CXX object CMakeFiles/cmTC_f8be0.dir/testCXXCompiler.cxx.o
/usr/bin/cc     -o CMakeFiles/cmTC_f8be0.dir/testCXXCompiler.cxx.o -c /mnt/c/Users/huiyi/OneDrive/Documents/E5/OpenGL/opengl_tps/GLImac-Template/build/CMakeFiles/CMakeTmp/testCXXCompiler.cxx
cc: fatal error: cannot execute ‘cc1plus’: execvp: No such file or directory
compilation terminated.
make[1]: *** [CMakeFiles/cmTC_f8be0.dir/build.make:66: CMakeFiles/cmTC_f8be0.dir/testCXXCompiler.cxx.o] Error 1
make[1]: Leaving directory '/mnt/c/Users/huiyi/OneDrive/Documents/E5/OpenGL/opengl_tps/GLImac-Template/build/CMakeFiles/CMakeTmp'
make: *** [Makefile:121: cmTC_f8be0/fast] Error 2



Compiling the CXX compiler identification source file "CMakeCXXCompilerId.cpp" failed.
Compiler: /usr/bin/cpp 
Build flags: 
Id flags:  

The output was:
1
cpp: fatal error: cannot execute ‘cc1plus’: execvp: No such file or directory
compilation terminated.


Compiling the CXX compiler identification source file "CMakeCXXCompilerId.cpp" failed.
Compiler: /usr/bin/cpp 
Build flags: 
Id flags: -c 

The output was:
1
cpp: fatal error: ‘-c’ is not a valid option to the preprocessor
compilation terminated.


Compiling the CXX compiler identification source file "CMakeCXXCompilerId.cpp" failed.
Compiler: /usr/bin/cpp 
Build flags: 
Id flags: --c++ 

The output was:
1
cpp: error: unrecognized command line option ‘--c++’


Compiling the CXX compiler identification source file "CMakeCXXCompilerId.cpp" failed.
Compiler: /usr/bin/cpp 
Build flags: 
Id flags: --ec++ 

The output was:
1
cpp: error: unrecognized command line option ‘--ec++’; did you mean ‘-Weffc++’?


Compiling the CXX compiler identification source file "CMakeCXXCompilerId.cpp" failed.
Compiler: /usr/bin/cpp 
Build flags: 
Id flags: --target=arm-arm-none-eabi;-mcpu=cortex-m3 

The output was:
1
cpp: warning: ‘-mcpu=’ is deprecated; use ‘-mtune=’ or ‘-march=’ instead
cpp: error: unrecognized command line option ‘--target=arm-arm-none-eabi’


Compiling the CXX compiler identification source file "CMakeCXXCompilerId.cpp" failed.
Compiler: /usr/bin/cpp 
Build flags: 
Id flags:  

The output was:
1
cpp: fatal error: cannot execute ‘cc1plus’: execvp: No such file or directory
compilation terminated.


Compiling the CXX compiler identification source file "CMakeCXXCompilerId.cpp" failed.
Compiler: /usr/bin/cpp 
Build flags: 
Id flags: -c 

The output was:
1
cpp: fatal error: ‘-c’ is not a valid option to the preprocessor
compilation terminated.


Compiling the CXX compiler identification source file "CMakeCXXCompilerId.cpp" failed.
Compiler: /usr/bin/cpp 
Build flags: 
Id flags: --c++ 

The output was:
1
cpp: error: unrecognized command line option ‘--c++’


Compiling the CXX compiler identification source file "CMakeCXXCompilerId.cpp" failed.
Compiler: /usr/bin/cpp 
Build flags: 
Id flags: --ec++ 

The output was:
1
cpp: error: unrecognized command line option ‘--ec++’; did you mean ‘-Weffc++’?


Compiling the CXX compiler identification source file "CMakeCXXCompilerId.cpp" failed.
Compiler: /usr/bin/cpp 
Build flags: 
Id flags: --target=arm-arm-none-eabi;-mcpu=cortex-m3 

The output was:
1
cpp: warning: ‘-mcpu=’ is deprecated; use ‘-mtune=’ or ‘-march=’ instead
cpp: error: unrecognized command line option ‘--target=arm-arm-none-eabi’


Checking whether the CXX compiler is IAR using "" terminated after 10 s due to timeout.Checking whether the CXX compiler is IAR using "" terminated after 10 s due to timeout.Determining if the CXX compiler works failed with the following output:
Change Dir: /mnt/c/Users/huiyi/OneDrive/Documents/E5/OpenGL/opengl_tps/GLImac-Template/build/CMakeFiles/CMakeTmp

Run Build Command(s):/usr/bin/make cmTC_df38d/fast && /usr/bin/make -f CMakeFiles/cmTC_df38d.dir/build.make CMakeFiles/cmTC_df38d.dir/build
make[1]: Entering directory '/mnt/c/Users/huiyi/OneDrive/Documents/E5/OpenGL/opengl_tps/GLImac-Template/build/CMakeFiles/CMakeTmp'
Building CXX object CMakeFiles/cmTC_df38d.dir/testCXXCompiler.cxx.o
/usr/bin/cpp     -o CMakeFiles/cmTC_df38d.dir/testCXXCompiler.cxx.o -c /mnt/c/Users/huiyi/OneDrive/Documents/E5/OpenGL/opengl_tps/GLImac-Template/build/CMakeFiles/CMakeTmp/testCXXCompiler.cxx
cpp: fatal error: ‘-c’ is not a valid option to the preprocessor
compilation terminated.
make[1]: *** [CMakeFiles/cmTC_df38d.dir/build.make:66: CMakeFiles/cmTC_df38d.dir/testCXXCompiler.cxx.o] Error 1
make[1]: Leaving directory '/mnt/c/Users/huiyi/OneDrive/Documents/E5/OpenGL/opengl_tps/GLImac-Template/build/CMakeFiles/CMakeTmp'
make: *** [Makefile:121: cmTC_df38d/fast] Error 2



Compiling the CXX compiler identification source file "CMakeCXXCompilerId.cpp" failed.
Compiler: /usr/bin/cpp-9 
Build flags: 
Id flags:  

The output was:
1
cpp-9: fatal error: cannot execute ‘cc1plus’: execvp: No such file or directory
compilation terminated.


Compiling the CXX compiler identification source file "CMakeCXXCompilerId.cpp" failed.
Compiler: /usr/bin/cpp-9 
Build flags: 
Id flags: -c 

The output was:
1
cpp-9: fatal error: ‘-c’ is not a valid option to the preprocessor
compilation terminated.


Compiling the CXX compiler identification source file "CMakeCXXCompilerId.cpp" failed.
Compiler: /usr/bin/cpp-9 
Build flags: 
Id flags: --c++ 

The output was:
1
cpp-9: error: unrecognized command line option ‘--c++’


Compiling the CXX compiler identification source file "CMakeCXXCompilerId.cpp" failed.
Compiler: /usr/bin/cpp-9 
Build flags: 
Id flags: --ec++ 

The output was:
1
cpp-9: error: unrecognized command line option ‘--ec++’; did you mean ‘-Weffc++’?


Compiling the CXX compiler identification source file "CMakeCXXCompilerId.cpp" failed.
Compiler: /usr/bin/cpp-9 
Build flags: 
Id flags: --target=arm-arm-none-eabi;-mcpu=cortex-m3 

The output was:
1
cpp-9: warning: ‘-mcpu=’ is deprecated; use ‘-mtune=’ or ‘-march=’ instead
cpp-9: error: unrecognized command line option ‘--target=arm-arm-none-eabi’


Compiling the CXX compiler identification source file "CMakeCXXCompilerId.cpp" failed.
Compiler: /usr/bin/cpp-9 
Build flags: 
Id flags:  

The output was:
1
cpp-9: fatal error: cannot execute ‘cc1plus’: execvp: No such file or directory
compilation terminated.


Compiling the CXX compiler identification source file "CMakeCXXCompilerId.cpp" failed.
Compiler: /usr/bin/cpp-9 
Build flags: 
Id flags: -c 

The output was:
1
cpp-9: fatal error: ‘-c’ is not a valid option to the preprocessor
compilation terminated.


Compiling the CXX compiler identification source file "CMakeCXXCompilerId.cpp" failed.
Compiler: /usr/bin/cpp-9 
Build flags: 
Id flags: --c++ 

The output was:
1
cpp-9: error: unrecognized command line option ‘--c++’


Compiling the CXX compiler identification source file "CMakeCXXCompilerId.cpp" failed.
Compiler: /usr/bin/cpp-9 
Build flags: 
Id flags: --ec++ 

The output was:
1
cpp-9: error: unrecognized command line option ‘--ec++’; did you mean ‘-Weffc++’?


Compiling the CXX compiler identification source file "CMakeCXXCompilerId.cpp" failed.
Compiler: /usr/bin/cpp-9 
Build flags: 
Id flags: --target=arm-arm-none-eabi;-mcpu=cortex-m3 

The output was:
1
cpp-9: warning: ‘-mcpu=’ is deprecated; use ‘-mtune=’ or ‘-march=’ instead
cpp-9: error: unrecognized command line option ‘--target=arm-arm-none-eabi’


Checking whether the CXX compiler is IAR using "" terminated after 10 s due to timeout.Checking whether the CXX compiler is IAR using "" terminated after 10 s due to timeout.Determining if the CXX compiler works failed with the following output:
Change Dir: /mnt/c/Users/huiyi/OneDrive/Documents/E5/OpenGL/opengl_tps/GLImac-Template/build/CMakeFiles/CMakeTmp

Run Build Command(s):/usr/bin/make cmTC_c5689/fast && /usr/bin/make -f CMakeFiles/cmTC_c5689.dir/build.make CMakeFiles/cmTC_c5689.dir/build
make[1]: Entering directory '/mnt/c/Users/huiyi/OneDrive/Documents/E5/OpenGL/opengl_tps/GLImac-Template/build/CMakeFiles/CMakeTmp'
Building CXX object CMakeFiles/cmTC_c5689.dir/testCXXCompiler.cxx.o
/usr/bin/cpp-9     -o CMakeFiles/cmTC_c5689.dir/testCXXCompiler.cxx.o -c /mnt/c/Users/huiyi/OneDrive/Documents/E5/OpenGL/opengl_tps/GLImac-Template/build/CMakeFiles/CMakeTmp/testCXXCompiler.cxx
cpp-9: fatal error: ‘-c’ is not a valid option to the preprocessor
compilation terminated.
make[1]: *** [CMakeFiles/cmTC_c5689.dir/build.make:66: CMakeFiles/cmTC_c5689.dir/testCXXCompiler.cxx.o] Error 1
make[1]: Leaving directory '/mnt/c/Users/huiyi/OneDrive/Documents/E5/OpenGL/opengl_tps/GLImac-Template/build/CMakeFiles/CMakeTmp'
make: *** [Makefile:121: cmTC_c5689/fast] Error 2



Compiling the CXX compiler identification source file "CMakeCXXCompilerId.cpp" failed.
Compiler: /usr/bin/cpp-9 
Build flags: 
Id flags:  

The output was:
1
cpp-9: fatal error: cannot execute ‘cc1plus’: execvp: No such file or directory
compilation terminated.


Compiling the CXX compiler identification source file "CMakeCXXCompilerId.cpp" failed.
Compiler: /usr/bin/cpp-9 
Build flags: 
Id flags: -c 

The output was:
1
cpp-9: fatal error: ‘-c’ is not a valid option to the preprocessor
compilation terminated.


Compiling the CXX compiler identification source file "CMakeCXXCompilerId.cpp" failed.
Compiler: /usr/bin/cpp-9 
Build flags: 
Id flags: --c++ 

The output was:
1
cpp-9: error: unrecognized command line option ‘--c++’


Compiling the CXX compiler identification source file "CMakeCXXCompilerId.cpp" failed.
Compiler: /usr/bin/cpp-9 
Build flags: 
Id flags: --ec++ 

The output was:
1
cpp-9: error: unrecognized command line option ‘--ec++’; did you mean ‘-Weffc++’?


Compiling the CXX compiler identification source file "CMakeCXXCompilerId.cpp" failed.
Compiler: /usr/bin/cpp-9 
Build flags: 
Id flags: --target=arm-arm-none-eabi;-mcpu=cortex-m3 

The output was:
1
cpp-9: warning: ‘-mcpu=’ is deprecated; use ‘-mtune=’ or ‘-march=’ instead
cpp-9: error: unrecognized command line option ‘--target=arm-arm-none-eabi’


Compiling the CXX compiler identification source file "CMakeCXXCompilerId.cpp" failed.
Compiler: /usr/bin/cpp-9 
Build flags: 
Id flags:  

The output was:
1
cpp-9: fatal error: cannot execute ‘cc1plus’: execvp: No such file or directory
compilation terminated.


Compiling the CXX compiler identification source file "CMakeCXXCompilerId.cpp" failed.
Compiler: /usr/bin/cpp-9 
Build flags: 
Id flags: -c 

The output was:
1
cpp-9: fatal error: ‘-c’ is not a valid option to the preprocessor
compilation terminated.


Compiling the CXX compiler identification source file "CMakeCXXCompilerId.cpp" failed.
Compiler: /usr/bin/cpp-9 
Build flags: 
Id flags: --c++ 

The output was:
1
cpp-9: error: unrecognized command line option ‘--c++’


Compiling the CXX compiler identification source file "CMakeCXXCompilerId.cpp" failed.
Compiler: /usr/bin/cpp-9 
Build flags: 
Id flags: --ec++ 

The output was:
1
cpp-9: error: unrecognized command line option ‘--ec++’; did you mean ‘-Weffc++’?


Compiling the CXX compiler identification source file "CMakeCXXCompilerId.cpp" failed.
Compiler: /usr/bin/cpp-9 
Build flags: 
Id flags: --target=arm-arm-none-eabi;-mcpu=cortex-m3 

The output was:
1
cpp-9: warning: ‘-mcpu=’ is deprecated; use ‘-mtune=’ or ‘-march=’ instead
cpp-9: error: unrecognized command line option ‘--target=arm-arm-none-eabi’


Checking whether the CXX compiler is IAR using "" terminated after 10 s due to timeout.Checking whether the CXX compiler is IAR using "" terminated after 10 s due to timeout.Determining if the CXX compiler works failed with the following output:
Change Dir: /mnt/c/Users/huiyi/OneDrive/Documents/E5/OpenGL/opengl_tps/GLImac-Template/build/CMakeFiles/CMakeTmp

Run Build Command(s):/usr/bin/make cmTC_424f5/fast && /usr/bin/make -f CMakeFiles/cmTC_424f5.dir/build.make CMakeFiles/cmTC_424f5.dir/build
make[1]: Entering directory '/mnt/c/Users/huiyi/OneDrive/Documents/E5/OpenGL/opengl_tps/GLImac-Template/build/CMakeFiles/CMakeTmp'
Building CXX object CMakeFiles/cmTC_424f5.dir/testCXXCompiler.cxx.o
/usr/bin/cpp-9     -o CMakeFiles/cmTC_424f5.dir/testCXXCompiler.cxx.o -c /mnt/c/Users/huiyi/OneDrive/Documents/E5/OpenGL/opengl_tps/GLImac-Template/build/CMakeFiles/CMakeTmp/testCXXCompiler.cxx
cpp-9: fatal error: ‘-c’ is not a valid option to the preprocessor
compilation terminated.
make[1]: *** [CMakeFiles/cmTC_424f5.dir/build.make:66: CMakeFiles/cmTC_424f5.dir/testCXXCompiler.cxx.o] Error 1
make[1]: Leaving directory '/mnt/c/Users/huiyi/OneDrive/Documents/E5/OpenGL/opengl_tps/GLImac-Template/build/CMakeFiles/CMakeTmp'
make: *** [Makefile:121: cmTC_424f5/fast] Error 2



Compiling the CXX compiler identification source file "CMakeCXXCompilerId.cpp" failed.
Compiler: /usr/bin/cpp 
Build flags: 
Id flags:  

The output was:
1
cpp: fatal error: cannot execute ‘cc1plus’: execvp: No such file or directory
compilation terminated.


Compiling the CXX compiler identification source file "CMakeCXXCompilerId.cpp" failed.
Compiler: /usr/bin/cpp 
Build flags: 
Id flags: -c 

The output was:
1
cpp: fatal error: ‘-c’ is not a valid option to the preprocessor
compilation terminated.


Compiling the CXX compiler identification source file "CMakeCXXCompilerId.cpp" failed.
Compiler: /usr/bin/cpp 
Build flags: 
Id flags: --c++ 

The output was:
1
cpp: error: unrecognized command line option ‘--c++’


Compiling the CXX compiler identification source file "CMakeCXXCompilerId.cpp" failed.
Compiler: /usr/bin/cpp 
Build flags: 
Id flags: --ec++ 

The output was:
1
cpp: error: unrecognized command line option ‘--ec++’; did you mean ‘-Weffc++’?


Compiling the CXX compiler identification source file "CMakeCXXCompilerId.cpp" failed.
Compiler: /usr/bin/cpp 
Build flags: 
Id flags: --target=arm-arm-none-eabi;-mcpu=cortex-m3 

The output was:
1
cpp: warning: ‘-mcpu=’ is deprecated; use ‘-mtune=’ or ‘-march=’ instead
cpp: error: unrecognized command line option ‘--target=arm-arm-none-eabi’


Compiling the CXX compiler identification source file "CMakeCXXCompilerId.cpp" failed.
Compiler: /usr/bin/cpp 
Build flags: 
Id flags:  

The output was:
1
cpp: fatal error: cannot execute ‘cc1plus’: execvp: No such file or directory
compilation terminated.


Compiling the CXX compiler identification source file "CMakeCXXCompilerId.cpp" failed.
Compiler: /usr/bin/cpp 
Build flags: 
Id flags: -c 

The output was:
1
cpp: fatal error: ‘-c’ is not a valid option to the preprocessor
compilation terminated.


Compiling the CXX compiler identification source file "CMakeCXXCompilerId.cpp" failed.
Compiler: /usr/bin/cpp 
Build flags: 
Id flags: --c++ 

The output was:
1
cpp: error: unrecognized command line option ‘--c++’


Compiling the CXX compiler identification source file "CMakeCXXCompilerId.cpp" failed.
Compiler: /usr/bin/cpp 
Build flags: 
Id flags: --ec++ 

The output was:
1
cpp: error: unrecognized command line option ‘--ec++’; did you mean ‘-Weffc++’?


Compiling the CXX compiler identification source file "CMakeCXXCompilerId.cpp" failed.
Compiler: /usr/bin/cpp 
Build flags: 
Id flags: --target=arm-arm-none-eabi;-mcpu=cortex-m3 

The output was:
1
cpp: warning: ‘-mcpu=’ is deprecated; use ‘-mtune=’ or ‘-march=’ instead
cpp: error: unrecognized command line option ‘--target=arm-arm-none-eabi’


Checking whether the CXX compiler is IAR using "" terminated after 10 s due to timeout.Checking whether the CXX compiler is IAR using "" terminated after 10 s due to timeout.Determining if the CXX compiler works failed with the following output:
Change Dir: /mnt/c/Users/huiyi/OneDrive/Documents/E5/OpenGL/opengl_tps/GLImac-Template/build/CMakeFiles/CMakeTmp

Run Build Command(s):/usr/bin/make cmTC_2952e/fast && /usr/bin/make -f CMakeFiles/cmTC_2952e.dir/build.make CMakeFiles/cmTC_2952e.dir/build
make[1]: Entering directory '/mnt/c/Users/huiyi/OneDrive/Documents/E5/OpenGL/opengl_tps/GLImac-Template/build/CMakeFiles/CMakeTmp'
Building CXX object CMakeFiles/cmTC_2952e.dir/testCXXCompiler.cxx.o
/usr/bin/cpp     -o CMakeFiles/cmTC_2952e.dir/testCXXCompiler.cxx.o -c /mnt/c/Users/huiyi/OneDrive/Documents/E5/OpenGL/opengl_tps/GLImac-Template/build/CMakeFiles/CMakeTmp/testCXXCompiler.cxx
cpp: fatal error: ‘-c’ is not a valid option to the preprocessor
compilation terminated.
make[1]: *** [CMakeFiles/cmTC_2952e.dir/build.make:66: CMakeFiles/cmTC_2952e.dir/testCXXCompiler.cxx.o] Error 1
make[1]: Leaving directory '/mnt/c/Users/huiyi/OneDrive/Documents/E5/OpenGL/opengl_tps/GLImac-Template/build/CMakeFiles/CMakeTmp'
make: *** [Makefile:121: cmTC_2952e/fast] Error 2



Compilation of the CXX compiler identification source "CMakeCXXCompilerId.cpp" did not produce an executable in "/mnt/c/Users/huiyi/OneDrive/Documents/E5/OpenGL/opengl_tps/GLImac-Template/build/CMakeFiles/3.16.3/CompilerIdCXX".

Compiling the CXX compiler identification source file "CMakeCXXCompilerId.cpp" failed.
Compiler: /usr/bin/cpp 
Build flags: 
Id flags: -c 

The output was:
1
cpp: fatal error: ‘-c’ is not a valid option to the preprocessor
compilation terminated.


Compiling the CXX compiler identification source file "CMakeCXXCompilerId.cpp" failed.
Compiler: /usr/bin/cpp 
Build flags: 
Id flags: --c++ 

The output was:
1
cpp: error: unrecognized command line option ‘--c++’


Compiling the CXX compiler identification source file "CMakeCXXCompilerId.cpp" failed.
Compiler: /usr/bin/cpp 
Build flags: 
Id flags: --ec++ 

The output was:
1
cpp: error: unrecognized command line option ‘--ec++’; did you mean ‘-Weffc++’?


Compiling the CXX compiler identification source file "CMakeCXXCompilerId.cpp" failed.
Compiler: /usr/bin/cpp 
Build flags: 
Id flags: --target=arm-arm-none-eabi;-mcpu=cortex-m3 

The output was:
1
cpp: warning: ‘-mcpu=’ is deprecated; use ‘-mtune=’ or ‘-march=’ instead
cpp: error: unrecognized command line option ‘--target=arm-arm-none-eabi’


Compilation of the CXX compiler identification source "CMakeCXXCompilerId.cpp" did not produce an executable in "/mnt/c/Users/huiyi/OneDrive/Documents/E5/OpenGL/opengl_tps/GLImac-Template/build/CMakeFiles/3.16.3/CompilerIdCXX".

Compiling the CXX compiler identification source file "CMakeCXXCompilerId.cpp" failed.
Compiler: /usr/bin/cpp 
Build flags: 
Id flags: -c 

The output was:
1
cpp: fatal error: ‘-c’ is not a valid option to the preprocessor
compilation terminated.


Compiling the CXX compiler identification source file "CMakeCXXCompilerId.cpp" failed.
Compiler: /usr/bin/cpp 
Build flags: 
Id flags: --c++ 

The output was:
1
cpp: error: unrecognized command line option ‘--c++’


Compiling the CXX compiler identification source file "CMakeCXXCompilerId.cpp" failed.
Compiler: /usr/bin/cpp 
Build flags: 
Id flags: --ec++ 

The output was:
1
cpp: error: unrecognized command line option ‘--ec++’; did you mean ‘-Weffc++’?


Compiling the CXX compiler identification source file "CMakeCXXCompilerId.cpp" failed.
Compiler: /usr/bin/cpp 
Build flags: 
Id flags: --target=arm-arm-none-eabi;-mcpu=cortex-m3 

The output was:
1
cpp: warning: ‘-mcpu=’ is deprecated; use ‘-mtune=’ or ‘-march=’ instead
cpp: error: unrecognized command line option ‘--target=arm-arm-none-eabi’


Checking whether the CXX compiler is IAR using "" terminated after 10 s due to timeout.Checking whether the CXX compiler is IAR using "" terminated after 10 s due to timeout.Determining if the CXX compiler works failed with the following output:
Change Dir: /mnt/c/Users/huiyi/OneDrive/Documents/E5/OpenGL/opengl_tps/GLImac-Template/build/CMakeFiles/CMakeTmp

Run Build Command(s):/usr/bin/make cmTC_84530/fast && /usr/bin/make -f CMakeFiles/cmTC_84530.dir/build.make CMakeFiles/cmTC_84530.dir/build
make[1]: Entering directory '/mnt/c/Users/huiyi/OneDrive/Documents/E5/OpenGL/opengl_tps/GLImac-Template/build/CMakeFiles/CMakeTmp'
Building CXX object CMakeFiles/cmTC_84530.dir/testCXXCompiler.cxx.o
/usr/bin/cpp     -o CMakeFiles/cmTC_84530.dir/testCXXCompiler.cxx.o -c /mnt/c/Users/huiyi/OneDrive/Documents/E5/OpenGL/opengl_tps/GLImac-Template/build/CMakeFiles/CMakeTmp/testCXXCompiler.cxx
cpp: fatal error: ‘-c’ is not a valid option to the preprocessor
compilation terminated.
make[1]: *** [CMakeFiles/cmTC_84530.dir/build.make:66: CMakeFiles/cmTC_84530.dir/testCXXCompiler.cxx.o] Error 1
make[1]: Leaving directory '/mnt/c/Users/huiyi/OneDrive/Documents/E5/OpenGL/opengl_tps/GLImac-Template/build/CMakeFiles/CMakeTmp'
make: *** [Makefile:121: cmTC_84530/fast] Error 2



Performing C SOURCE FILE Test CMAKE_HAVE_LIBC_PTHREAD failed with the following output:
Change Dir: /mnt/c/Users/huiyi/OneDrive/Documents/E5/OpenGL/opengl_tps/GLImac-Template/build/CMakeFiles/CMakeTmp

Run Build Command(s):/usr/bin/make cmTC_599e4/fast && /usr/bin/make -f CMakeFiles/cmTC_599e4.dir/build.make CMakeFiles/cmTC_599e4.dir/build
make[1]: Entering directory '/mnt/c/Users/huiyi/OneDrive/Documents/E5/OpenGL/opengl_tps/GLImac-Template/build/CMakeFiles/CMakeTmp'
Building C object CMakeFiles/cmTC_599e4.dir/src.c.o
/usr/bin/cc   -DCMAKE_HAVE_LIBC_PTHREAD   -o CMakeFiles/cmTC_599e4.dir/src.c.o   -c /mnt/c/Users/huiyi/OneDrive/Documents/E5/OpenGL/opengl_tps/GLImac-Template/build/CMakeFiles/CMakeTmp/src.c
Linking C executable cmTC_599e4
/usr/bin/cmake -E cmake_link_script CMakeFiles/cmTC_599e4.dir/link.txt --verbose=1
/usr/bin/cc  -DCMAKE_HAVE_LIBC_PTHREAD    -rdynamic CMakeFiles/cmTC_599e4.dir/src.c.o  -o cmTC_599e4 
/usr/bin/ld: CMakeFiles/cmTC_599e4.dir/src.c.o: in function `main':
src.c:(.text+0x46): undefined reference to `pthread_create'
/usr/bin/ld: src.c:(.text+0x52): undefined reference to `pthread_detach'
/usr/bin/ld: src.c:(.text+0x63): undefined reference to `pthread_join'
collect2: error: ld returned 1 exit status
make[1]: *** [CMakeFiles/cmTC_599e4.dir/build.make:87: cmTC_599e4] Error 1
make[1]: Leaving directory '/mnt/c/Users/huiyi/OneDrive/Documents/E5/OpenGL/opengl_tps/GLImac-Template/build/CMakeFiles/CMakeTmp'
make: *** [Makefile:121: cmTC_599e4/fast] Error 2


Source file was:
#include <pthread.h>

void* test_func(void* data)
{
  return data;
}

int main(void)
{
  pthread_t thread;
  pthread_create(&thread, NULL, test_func, NULL);
  pthread_detach(thread);
  pthread_join(thread, NULL);
  pthread_atfork(NULL, NULL, NULL);
  pthread_exit(NULL);

  return 0;
}

Determining if the function pthread_create exists in the pthreads failed with the following output:
Change Dir: /mnt/c/Users/huiyi/OneDrive/Documents/E5/OpenGL/opengl_tps/GLImac-Template/build/CMakeFiles/CMakeTmp

Run Build Command(s):/usr/bin/make cmTC_a1561/fast && /usr/bin/make -f CMakeFiles/cmTC_a1561.dir/build.make CMakeFiles/cmTC_a1561.dir/build
make[1]: Entering directory '/mnt/c/Users/huiyi/OneDrive/Documents/E5/OpenGL/opengl_tps/GLImac-Template/build/CMakeFiles/CMakeTmp'
Building C object CMakeFiles/cmTC_a1561.dir/CheckFunctionExists.c.o
/usr/bin/cc   -DCHECK_FUNCTION_EXISTS=pthread_create   -o CMakeFiles/cmTC_a1561.dir/CheckFunctionExists.c.o   -c /usr/share/cmake-3.16/Modules/CheckFunctionExists.c
Linking C executable cmTC_a1561
/usr/bin/cmake -E cmake_link_script CMakeFiles/cmTC_a1561.dir/link.txt --verbose=1
/usr/bin/cc  -DCHECK_FUNCTION_EXISTS=pthread_create    -rdynamic CMakeFiles/cmTC_a1561.dir/CheckFunctionExists.c.o  -o cmTC_a1561  -lpthreads 
/usr/bin/ld: cannot find -lpthreads
collect2: error: ld returned 1 exit status
make[1]: *** [CMakeFiles/cmTC_a1561.dir/build.make:87: cmTC_a1561] Error 1
make[1]: Leaving directory '/mnt/c/Users/huiyi/OneDrive/Documents/E5/OpenGL/opengl_tps/GLImac-Template/build/CMakeFiles/CMakeTmp'
make: *** [Makefile:121: cmTC_a1561/fast] Error 2



Performing C SOURCE FILE Test CMAKE_HAVE_LIBC_PTHREAD failed with the following output:
Change Dir: /mnt/c/Users/huiyi/OneDrive/Documents/E5/OpenGL/opengl_projet/GLImac-Template/build/CMakeFiles/CMakeTmp

Run Build Command(s):/usr/bin/make cmTC_9f68f/fast && /usr/bin/make -f CMakeFiles/cmTC_9f68f.dir/build.make CMakeFiles/cmTC_9f68f.dir/build
make[1]: Entering directory '/mnt/c/Users/huiyi/OneDrive/Documents/E5/OpenGL/opengl_projet/GLImac-Template/build/CMakeFiles/CMakeTmp'
Building C object CMakeFiles/cmTC_9f68f.dir/src.c.o
/usr/bin/cc   -DCMAKE_HAVE_LIBC_PTHREAD   -o CMakeFiles/cmTC_9f68f.dir/src.c.o   -c /mnt/c/Users/huiyi/OneDrive/Documents/E5/OpenGL/opengl_projet/GLImac-Template/build/CMakeFiles/CMakeTmp/src.c
Linking C executable cmTC_9f68f
/usr/bin/cmake -E cmake_link_script CMakeFiles/cmTC_9f68f.dir/link.txt --verbose=1
/usr/bin/cc  -DCMAKE_HAVE_LIBC_PTHREAD    -rdynamic CMakeFiles/cmTC_9f68f.dir/src.c.o  -o cmTC_9f68f 
/usr/bin/ld: CMakeFiles/cmTC_9f68f.dir/src.c.o: in function `main':
src.c:(.text+0x46): undefined reference to `pthread_create'
/usr/bin/ld: src.c:(.text+0x52): undefined reference to `pthread_detach'
/usr/bin/ld: src.c:(.text+0x63): undefined reference to `pthread_join'
collect2: error: ld returned 1 exit status
make[1]: *** [CMakeFiles/cmTC_9f68f.dir/build.make:87: cmTC_9f68f] Error 1
make[1]: Leaving directory '/mnt/c/Users/huiyi/OneDrive/Documents/E5/OpenGL/opengl_projet/GLImac-Template/build/CMakeFiles/CMakeTmp'
make: *** [Makefile:121: cmTC_9f68f/fast] Error 2


Source file was:
#include <pthread.h>

void* test_func(void* data)
{
  return data;
}

int main(void)
{
  pthread_t thread;
  pthread_create(&thread, NULL, test_func, NULL);
  pthread_detach(thread);
  pthread_join(thread, NULL);
  pthread_atfork(NULL, NULL, NULL);
  pthread_exit(NULL);

  return 0;
}

Determining if the function pthread_create exists in the pthreads failed with the following output:
Change Dir: /mnt/c/Users/huiyi/OneDrive/Documents/E5/OpenGL/opengl_projet/GLImac-Template/build/CMakeFiles/CMakeTmp

Run Build Command(s):/usr/bin/make cmTC_63ab0/fast && /usr/bin/make -f CMakeFiles/cmTC_63ab0.dir/build.make CMakeFiles/cmTC_63ab0.dir/build
make[1]: Entering directory '/mnt/c/Users/huiyi/OneDrive/Documents/E5/OpenGL/opengl_projet/GLImac-Template/build/CMakeFiles/CMakeTmp'
Building C object CMakeFiles/cmTC_63ab0.dir/CheckFunctionExists.c.o
/usr/bin/cc   -DCHECK_FUNCTION_EXISTS=pthread_create   -o CMakeFiles/cmTC_63ab0.dir/CheckFunctionExists.c.o   -c /usr/share/cmake-3.16/Modules/CheckFunctionExists.c
Linking C executable cmTC_63ab0
/usr/bin/cmake -E cmake_link_script CMakeFiles/cmTC_63ab0.dir/link.txt --verbose=1
/usr/bin/cc  -DCHECK_FUNCTION_EXISTS=pthread_create    -rdynamic CMakeFiles/cmTC_63ab0.dir/CheckFunctionExists.c.o  -o cmTC_63ab0  -lpthreads 
/usr/bin/ld: cannot find -lpthreads
collect2: error: ld returned 1 exit status
make[1]: *** [CMakeFiles/cmTC_63ab0.dir/build.make:87: cmTC_63ab0] Error 1
make[1]: Leaving directory '/mnt/c/Users/huiyi/OneDrive/Documents/E5/OpenGL/opengl_projet/GLImac-Template/build/CMakeFiles/CMakeTmp'
make: *** [Makefile:121: cmTC_63ab0/fast] Error 2



